[2019-09-06T19:45:29.085] [DEBUG] dump_flywheel - Read dump file
[2019-09-06T19:51:40.602] [DEBUG] dump_flywheel - Read dump file
[2019-09-06T19:52:05.356] [DEBUG] dump_flywheel - Read dump file
[2019-09-06T19:54:13.097] [DEBUG] dump_flywheel - Read dump file
[2019-09-06T19:54:47.162] [DEBUG] dump_flywheel - Read dump file
[2019-09-06T19:55:21.187] [DEBUG] dump_flywheel - Read dump file
[2019-09-06T20:04:27.743] [DEBUG] dump_flywheel - Read dump file
[2019-09-06T20:05:13.649] [DEBUG] dump_flywheel - Read dump file
[2019-09-06T20:05:13.656] [DEBUG] dump_flywheel - SKIP: ADDR 00 01 02 03 04 05 06 07 08 09 0a 0b 0c 0d 0e 0f
[2019-09-06T20:05:13.656] [DEBUG] dump_flywheel - SKIP: ----------------------------------------------------
[2019-09-06T20:08:06.208] [DEBUG] dump_flywheel - Read Dump File: /home/iwait/Projects/scp2019-debugger/dumps/20190820_flywheel.dump
[2019-09-06T20:26:06.394] [DEBUG] dump_flywheel - Dump File: /home/iwait/Projects/scp2019-debugger/dumps/20190820_flywheel.dump
[2019-09-06T20:27:21.133] [DEBUG] dump_flywheel - Dump File: /home/iwait/Projects/scp2019-debugger/dumps/20190820_flywheel.dump
[2019-09-06T20:37:10.421] [DEBUG] dump_flywheel - Dump File: /home/iwait/Projects/scp2019-debugger/dumps/20190820_flywheel.dump
[2019-09-06T20:48:26.722] [DEBUG] dump_flywheel - Dump File: /home/iwait/Projects/scp2019-debugger/dumps/20190820_flywheel.dump
[2019-09-06T20:48:46.038] [DEBUG] dump_flywheel - Dump File: /home/iwait/Projects/scp2019-debugger/dumps/20190820_flywheel.dump
[2019-09-06T20:48:59.621] [DEBUG] dump_flywheel - Dump File: /home/iwait/Projects/scp2019-debugger/dumps/20190820_flywheel.dump
[2019-09-06T20:49:23.419] [DEBUG] dump_flywheel - Dump File: /home/iwait/Projects/scp2019-debugger/dumps/20190820_flywheel.dump
[2019-09-06T20:50:17.377] [DEBUG] dump_flywheel - Dump File: /home/iwait/Projects/scp2019-debugger/dumps/20190820_flywheel.dump
[2019-09-06T20:51:53.485] [DEBUG] dump_flywheel - Dump File: /home/iwait/Projects/scp2019-debugger/dumps/20190820_flywheel.dump
[2019-09-06T20:52:07.575] [DEBUG] dump_flywheel - Dump File: /home/iwait/Projects/scp2019-debugger/dumps/20190820_flywheel.dump
[2019-09-06T20:52:09.735] [DEBUG] dump_flywheel - Dump File: /home/iwait/Projects/scp2019-debugger/dumps/20190820_flywheel.dump
[2019-09-06T20:52:29.013] [DEBUG] dump_flywheel - Dump File: /home/iwait/Projects/scp2019-debugger/dumps/20190820_flywheel.dump
[2019-09-06T20:53:11.853] [DEBUG] dump_flywheel - Dump File: /home/iwait/Projects/scp2019-debugger/dumps/20190820_flywheel.dump
[2019-09-06T20:54:07.536] [DEBUG] dump_flywheel - Dump File: /home/iwait/Projects/scp2019-debugger/dumps/20190820_flywheel.dump
[2019-09-06T20:54:43.945] [DEBUG] dump_flywheel - Dump File: /home/iwait/Projects/scp2019-debugger/dumps/20190820_flywheel.dump
[2019-09-06T21:15:44.207] [DEBUG] dump_flywheel - Dump File: /home/iwait/Projects/scp2019-debugger/dumps/20190820_flywheel.dump
[2019-09-06T21:16:23.274] [DEBUG] dump_flywheel - Dump File: /home/iwait/Projects/scp2019-debugger/dumps/20190820_flywheel.dump
